{"/Users/richardturney/Documents/Projects/SassTask/assets/Sassagotchi.gif": {"path":"/Users/richardturney/Documents/Projects/SassTask/assets/Sassagotchi.gif","statementMap":{"0":{"start":{"line":1,"column":0},"end":{"line":1,"column":19}}},"fnMap":{},"branchMap":{},"s":{"0":1},"f":{},"b":{},"inputSourceMap":null,"_coverageSchema":"1a1c01bbd47fc00a2c39e90264f33305004495a9","hash":"668ecf3b8c9ce8f171193e40b3b726813043bbf7"}
,"/Users/richardturney/Documents/Projects/SassTask/components/Task.js": {"path":"/Users/richardturney/Documents/Projects/SassTask/components/Task.js","statementMap":{"0":{"start":{"line":4,"column":13},"end":{"line":13,"column":1}},"1":{"start":{"line":5,"column":2},"end":{"line":12,"column":3}},"2":{"start":{"line":15,"column":15},"end":{"line":40,"column":2}}},"fnMap":{"0":{"name":"(anonymous_0)","decl":{"start":{"line":4,"column":13},"end":{"line":4,"column":14}},"loc":{"start":{"line":4,"column":24},"end":{"line":13,"column":1}},"line":4}},"branchMap":{},"s":{"0":1,"1":1,"2":1},"f":{"0":1},"b":{},"_coverageSchema":"1a1c01bbd47fc00a2c39e90264f33305004495a9","hash":"5e58011b4e0ea1abee12dddda014f32d56ec3a43"}
}
